# JRE version: Java(TM) SE Runtime Environment (8.0_191-b12) (build 1.8.0_191-b12)
# Java VM: Java HotSpot(TM) 64-Bit Server VM (25.191-b12 mixed mode linux-amd64 compressed oops)
Heap:
 PSYoungGen      total 427008K, used 151635K [0x000000076d300000, 0x0000000789e80000, 0x00000007c0000000)
  eden space 385024K, 39% used [0x000000076d300000,0x00000007766e4c38,0x0000000784b00000)
  from space 41984K, 0% used [0x0000000784b00000,0x0000000784b30000,0x0000000787400000)
  to   space 41472K, 0% used [0x0000000787600000,0x0000000787600000,0x0000000789e80000)
 ParOldGen       total 361472K, used 105198K [0x00000006c7800000, 0x00000006dd900000, 0x000000076d300000)
  object space 361472K, 29% used [0x00000006c7800000,0x00000006cdebbb20,0x00000006dd900000)
 Metaspace       used 31780K, capacity 32358K, committed 32640K, reserved 1077248K
  class space    used 3784K, capacity 3941K, committed 3968K, reserved 1048576K
GC Heap History (10 events):
Event: 1113.051 GC heap before
{Heap before GC invocations=268 (full 3):
 PSYoungGen      total 417792K, used 392796K [0x000000076d300000, 0x0000000789480000, 0x00000007c0000000)
  eden space 379392K, 99% used [0x000000076d300000,0x000000078429d2c0,0x0000000784580000)
  from space 38400K, 42% used [0x0000000786f00000,0x0000000787efa020,0x0000000789480000)
  to   space 40448K, 0% used [0x0000000784580000,0x0000000784580000,0x0000000786d00000)
 ParOldGen       total 361472K, used 105110K [0x00000006c7800000, 0x00000006dd900000, 0x000000076d300000)
  object space 361472K, 29% used [0x00000006c7800000,0x00000006cdea5b10,0x00000006dd900000)
 Metaspace       used 31740K, capacity 32294K, committed 32640K, reserved 1077248K
  class space    used 3782K, capacity 3941K, committed 3968K, reserved 1048576K
Event: 1113.053 GC heap after
Heap after GC invocations=268 (full 3):
 PSYoungGen      total 419840K, used 224K [0x000000076d300000, 0x0000000789900000, 0x00000007c0000000)
  eden space 379392K, 0% used [0x000000076d300000,0x000000076d300000,0x0000000784580000)
  from space 40448K, 0% used [0x0000000784580000,0x00000007845b8000,0x0000000786d00000)
  to   space 40960K, 0% used [0x0000000787100000,0x0000000787100000,0x0000000789900000)
 ParOldGen       total 361472K, used 105118K [0x00000006c7800000, 0x00000006dd900000, 0x000000076d300000)
  object space 361472K, 29% used [0x00000006c7800000,0x00000006cdea7b10,0x00000006dd900000)
 Metaspace       used 31740K, capacity 32294K, committed 32640K, reserved 1077248K
  class space    used 3782K, capacity 3941K, committed 3968K, reserved 1048576K
}
Event: 1119.540 GC heap before
{Heap before GC invocations=269 (full 3):
 PSYoungGen      total 419840K, used 379226K [0x000000076d300000, 0x0000000789900000, 0x00000007c0000000)
  eden space 379392K, 99% used [0x000000076d300000,0x000000078451e8f8,0x0000000784580000)
  from space 40448K, 0% used [0x0000000784580000,0x00000007845b8000,0x0000000786d00000)
  to   space 40960K, 0% used [0x0000000787100000,0x0000000787100000,0x0000000789900000)
 ParOldGen       total 361472K, used 105118K [0x00000006c7800000, 0x00000006dd900000, 0x000000076d300000)
  object space 361472K, 29% used [0x00000006c7800000,0x00000006cdea7b10,0x00000006dd900000)
 Metaspace       used 31772K, capacity 32294K, committed 32640K, reserved 1077248K
  class space    used 3783K, capacity 3941K, committed 3968K, reserved 1048576K
Event: 1119.542 GC heap after
Heap after GC invocations=269 (full 3):
 PSYoungGen      total 422912K, used 384K [0x000000076d300000, 0x0000000789880000, 0x00000007c0000000)
  eden space 382464K, 0% used [0x000000076d300000,0x000000076d300000,0x0000000784880000)
  from space 40448K, 0% used [0x0000000787100000,0x0000000787160000,0x0000000789880000)
  to   space 40960K, 0% used [0x0000000784880000,0x0000000784880000,0x0000000787080000)
 ParOldGen       total 361472K, used 105134K [0x00000006c7800000, 0x00000006dd900000, 0x000000076d300000)
  object space 361472K, 29% used [0x00000006c7800000,0x00000006cdeabb10,0x00000006dd900000)
 Metaspace       used 31772K, capacity 32294K, committed 32640K, reserved 1077248K
  class space    used 3783K, capacity 3941K, committed 3968K, reserved 1048576K
}
Event: 1126.166 GC heap before
{Heap before GC invocations=270 (full 3):
 PSYoungGen      total 422912K, used 378546K [0x000000076d300000, 0x0000000789880000, 0x00000007c0000000)
  eden space 382464K, 98% used [0x000000076d300000,0x000000078444ca30,0x0000000784880000)
  from space 40448K, 0% used [0x0000000787100000,0x0000000787160000,0x0000000789880000)
  to   space 40960K, 0% used [0x0000000784880000,0x0000000784880000,0x0000000787080000)
 ParOldGen       total 361472K, used 105134K [0x00000006c7800000, 0x00000006dd900000, 0x000000076d300000)
  object space 361472K, 29% used [0x00000006c7800000,0x00000006cdeabb10,0x00000006dd900000)
 Metaspace       used 31772K, capacity 32294K, committed 32640K, reserved 1077248K
  class space    used 3783K, capacity 3941K, committed 3968K, reserved 1048576K
Event: 1126.170 GC heap after
Heap after GC invocations=270 (full 3):
 PSYoungGen      total 423424K, used 24524K [0x000000076d300000, 0x0000000789e80000, 0x00000007c0000000)
  eden space 382464K, 0% used [0x000000076d300000,0x000000076d300000,0x0000000784880000)
  from space 40960K, 59% used [0x0000000784880000,0x0000000786073030,0x0000000787080000)
  to   space 42496K, 0% used [0x0000000787500000,0x0000000787500000,0x0000000789e80000)
 ParOldGen       total 361472K, used 105142K [0x00000006c7800000, 0x00000006dd900000, 0x000000076d300000)
  object space 361472K, 29% used [0x00000006c7800000,0x00000006cdeadb10,0x00000006dd900000)
 Metaspace       used 31772K, capacity 32294K, committed 32640K, reserved 1077248K
  class space    used 3783K, capacity 3941K, committed 3968K, reserved 1048576K
}
Event: 1132.772 GC heap before
{Heap before GC invocations=271 (full 3):
 PSYoungGen      total 423424K, used 400692K [0x000000076d300000, 0x0000000789e80000, 0x00000007c0000000)
  eden space 382464K, 98% used [0x000000076d300000,0x000000078425a288,0x0000000784880000)
  from space 40960K, 59% used [0x0000000784880000,0x0000000786073030,0x0000000787080000)
  to   space 42496K, 0% used [0x0000000787500000,0x0000000787500000,0x0000000789e80000)
 ParOldGen       total 361472K, used 105142K [0x00000006c7800000, 0x00000006dd900000, 0x000000076d300000)
  object space 361472K, 29% used [0x00000006c7800000,0x00000006cdeadb10,0x00000006dd900000)
 Metaspace       used 31772K, capacity 32294K, committed 32640K, reserved 1077248K
  class space    used 3783K, capacity 3941K, committed 3968K, reserved 1048576K
Event: 1132.774 GC heap after
Heap after GC invocations=271 (full 3):
 PSYoungGen      total 425984K, used 160K [0x000000076d300000, 0x0000000789d00000, 0x00000007c0000000)
  eden space 385024K, 0% used [0x000000076d300000,0x000000076d300000,0x0000000784b00000)
  from space 40960K, 0% used [0x0000000787500000,0x0000000787528000,0x0000000789d00000)
  to   space 41984K, 0% used [0x0000000784b00000,0x0000000784b00000,0x0000000787400000)
 ParOldGen       total 361472K, used 105174K [0x00000006c7800000, 0x00000006dd900000, 0x000000076d300000)
  object space 361472K, 29% used [0x00000006c7800000,0x00000006cdeb5b20,0x00000006dd900000)
 Metaspace       used 31772K, capacity 32294K, committed 32640K, reserved 1077248K
  class space    used 3783K, capacity 3941K, committed 3968K, reserved 1048576K
}
Event: 1139.531 GC heap before
{Heap before GC invocations=272 (full 3):
 PSYoungGen      total 425984K, used 384485K [0x000000076d300000, 0x0000000789d00000, 0x00000007c0000000)
  eden space 385024K, 99% used [0x000000076d300000,0x0000000784a51560,0x0000000784b00000)
  from space 40960K, 0% used [0x0000000787500000,0x0000000787528000,0x0000000789d00000)
  to   space 41984K, 0% used [0x0000000784b00000,0x0000000784b00000,0x0000000787400000)
 ParOldGen       total 361472K, used 105174K [0x00000006c7800000, 0x00000006dd900000, 0x000000076d300000)
  object space 361472K, 29% used [0x00000006c7800000,0x00000006cdeb5b20,0x00000006dd900000)
 Metaspace       used 31772K, capacity 32294K, committed 32640K, reserved 1077248K
  class space    used 3783K, capacity 3941K, committed 3968K, reserved 1048576K
Event: 1139.533 GC heap after
Heap after GC invocations=272 (full 3):
 PSYoungGen      total 427008K, used 192K [0x000000076d300000, 0x0000000789e80000, 0x00000007c0000000)
  eden space 385024K, 0% used [0x000000076d300000,0x000000076d300000,0x0000000784b00000)
  from space 41984K, 0% used [0x0000000784b00000,0x0000000784b30000,0x0000000787400000)
  to   space 41472K, 0% used [0x0000000787600000,0x0000000787600000,0x0000000789e80000)
 ParOldGen       total 361472K, used 105198K [0x00000006c7800000, 0x00000006dd900000, 0x000000076d300000)
  object space 361472K, 29% used [0x00000006c7800000,0x00000006cdebbb20,0x00000006dd900000)
 Metaspace       used 31772K, capacity 32294K, committed 32640K, reserved 1077248K
  class space    used 3783K, capacity 3941K, committed 3968K, reserved 1048576K
}

